This file contains any messages produced by compilers while
running configure, to aid debugging if configure makes a mistake.

It was created by libblkmaker configure 0.6.0, which was
generated by GNU Autoconf 2.69.  Invocation command line was

  $ ./configure --disable-option-checking --prefix=/usr/local --disable-git-version --disable-adl --enable-scrypt libbase58_LIBS=-lbase58  libbase58_CFLAGS= --cache-file=/dev/null --srcdir=.

## --------- ##
## Platform. ##
## --------- ##

hostname = fedora
uname -m = x86_64
uname -r = 5.12.8-300.fc34.x86_64
uname -s = Linux
uname -v = #1 SMP Fri May 28 15:20:54 UTC 2021

/usr/bin/uname -p = x86_64
/bin/uname -X     = unknown

/bin/arch              = x86_64
/usr/bin/arch -k       = unknown
/usr/convex/getsysinfo = unknown
/usr/bin/hostinfo      = unknown
/bin/machine           = unknown
/usr/bin/oslevel       = unknown
/bin/universe          = unknown

PATH: /usr/lib64/ccache
PATH: /usr/local/sbin
PATH: /usr/local/bin
PATH: /usr/sbin
PATH: /usr/bin
PATH: /sbin
PATH: /bin
PATH: /var/lib/snapd/snap/bin
PATH: /usr/bin/gradle-6.5/bin
PATH: /usr/bin/gradle-6.5/bin
PATH: /usr/lib64/ccache
PATH: /usr/local/sbin
PATH: /usr/local/bin
PATH: /usr/sbin
PATH: /usr/bin
PATH: /sbin
PATH: /bin
PATH: /var/lib/snapd/snap/bin
PATH: /usr/bin/gradle-6.5/bin
PATH: /usr/local/cuda/bin
PATH: /usr/bin/gradle-6.5/bin
PATH: /usr/local/cuda/bin


## ----------- ##
## Core tests. ##
## ----------- ##

configure:2211: checking for a BSD-compatible install
configure:2279: result: /usr/bin/install -c
configure:2290: checking whether build environment is sane
configure:2345: result: yes
configure:2496: checking for a thread-safe mkdir -p
configure:2535: result: /usr/bin/mkdir -p
configure:2542: checking for gawk
configure:2558: found /usr/bin/gawk
configure:2569: result: gawk
configure:2580: checking whether make sets $(MAKE)
configure:2602: result: yes
configure:2631: checking whether make supports nested variables
configure:2648: result: yes
configure:2785: checking whether make supports nested variables
configure:2802: result: yes
configure:2818: checking whether make supports the include directive
configure:2833: make -f confmf.GNU && cat confinc.out
this is the am__doit target
configure:2836: $? = 0
configure:2855: result: yes (GNU style)
configure:2925: checking for gcc
configure:2941: found /usr/lib64/ccache/gcc
configure:2952: result: gcc
configure:3181: checking for C compiler version
configure:3190: gcc --version >&5
gcc (GCC) 11.1.1 20210531 (Red Hat 11.1.1-3)
Copyright (C) 2021 Free Software Foundation, Inc.
This is free software; see the source for copying conditions.  There is NO
warranty; not even for MERCHANTABILITY or FITNESS FOR A PARTICULAR PURPOSE.

configure:3201: $? = 0
configure:3190: gcc -v >&5
Using built-in specs.
COLLECT_GCC=/usr/bin/gcc
COLLECT_LTO_WRAPPER=/usr/libexec/gcc/x86_64-redhat-linux/11/lto-wrapper
OFFLOAD_TARGET_NAMES=nvptx-none
OFFLOAD_TARGET_DEFAULT=1
Target: x86_64-redhat-linux
Configured with: ../configure --enable-bootstrap --enable-languages=c,c++,fortran,objc,obj-c++,ada,go,d,lto --prefix=/usr --mandir=/usr/share/man --infodir=/usr/share/info --with-bugurl=http://bugzilla.redhat.com/bugzilla --enable-shared --enable-threads=posix --enable-checking=release --enable-multilib --with-system-zlib --enable-__cxa_atexit --disable-libunwind-exceptions --enable-gnu-unique-object --enable-linker-build-id --with-gcc-major-version-only --with-linker-hash-style=gnu --enable-plugin --enable-initfini-array --with-isl=/builddir/build/BUILD/gcc-11.1.1-20210531/obj-x86_64-redhat-linux/isl-install --enable-offload-targets=nvptx-none --without-cuda-driver --enable-gnu-indirect-function --enable-cet --with-tune=generic --with-arch_32=i686 --build=x86_64-redhat-linux
Thread model: posix
Supported LTO compression algorithms: zlib zstd
gcc version 11.1.1 20210531 (Red Hat 11.1.1-3) (GCC) 
... rest of stderr output deleted ...
configure:3201: $? = 0
configure:3190: gcc -V >&5
gcc: error: unrecognized command-line option '-V'
gcc: fatal error: no input files
compilation terminated.
configure:3201: $? = 1
configure:3190: gcc -qversion >&5
gcc: error: unrecognized command-line option '-qversion'; did you mean '--version'?
gcc: fatal error: no input files
compilation terminated.
configure:3201: $? = 1
configure:3221: checking whether the C compiler works
configure:3243: gcc    conftest.c  >&5
configure:3247: $? = 0
configure:3295: result: yes
configure:3298: checking for C compiler default output file name
configure:3300: result: a.out
configure:3306: checking for suffix of executables
configure:3313: gcc -o conftest    conftest.c  >&5
configure:3317: $? = 0
configure:3339: result: 
configure:3361: checking whether we are cross compiling
configure:3369: gcc -o conftest    conftest.c  >&5
configure:3373: $? = 0
configure:3380: ./conftest
configure:3384: $? = 0
configure:3399: result: no
configure:3404: checking for suffix of object files
configure:3426: gcc -c   conftest.c >&5
configure:3430: $? = 0
configure:3451: result: o
configure:3455: checking whether we are using the GNU C compiler
configure:3474: gcc -c   conftest.c >&5
configure:3474: $? = 0
configure:3483: result: yes
configure:3492: checking whether gcc accepts -g
configure:3512: gcc -c -g  conftest.c >&5
configure:3512: $? = 0
configure:3553: result: yes
configure:3570: checking for gcc option to accept ISO C89
configure:3633: gcc  -c -g -O2  conftest.c >&5
configure:3633: $? = 0
configure:3646: result: none needed
configure:3671: checking whether gcc understands -c and -o together
configure:3693: gcc -c conftest.c -o conftest2.o
configure:3696: $? = 0
configure:3693: gcc -c conftest.c -o conftest2.o
configure:3696: $? = 0
configure:3708: result: yes
configure:3727: checking dependency style of gcc
configure:3838: result: gcc3
configure:3853: checking for gcc option to accept ISO C99
configure:4002: gcc  -c -g -O2  conftest.c >&5
configure:4002: $? = 0
configure:4015: result: none needed
configure:4080: checking for ar
configure:4096: found /usr/bin/ar
configure:4107: result: ar
configure:4133: checking the archiver (ar) interface
configure:4149: gcc -c -g -O2  conftest.c >&5
configure:4149: $? = 0
configure:4151: ar cru libconftest.a conftest.o >&5
configure:4154: $? = 0
configure:4182: result: ar
configure:4231: checking build system type
configure:4245: result: x86_64-pc-linux-gnu
configure:4265: checking host system type
configure:4278: result: x86_64-pc-linux-gnu
configure:4319: checking how to print strings
configure:4346: result: printf
configure:4367: checking for a sed that does not truncate output
configure:4431: result: /usr/bin/sed
configure:4449: checking for grep that handles long lines and -e
configure:4507: result: /usr/bin/grep
configure:4512: checking for egrep
configure:4574: result: /usr/bin/grep -E
configure:4579: checking for fgrep
configure:4641: result: /usr/bin/grep -F
configure:4676: checking for ld used by gcc
configure:4743: result: /usr/bin/ld
configure:4750: checking if the linker (/usr/bin/ld) is GNU ld
configure:4765: result: yes
configure:4777: checking for BSD- or MS-compatible name lister (nm)
configure:4831: result: /usr/bin/nm -B
configure:4961: checking the name lister (/usr/bin/nm -B) interface
configure:4968: gcc -c -g -O2  conftest.c >&5
configure:4971: /usr/bin/nm -B "conftest.o"
configure:4974: output
0000000000000000 B some_variable
configure:4981: result: BSD nm
configure:4984: checking whether ln -s works
configure:4988: result: yes
configure:4996: checking the maximum length of command line arguments
configure:5127: result: 1572864
configure:5175: checking how to convert x86_64-pc-linux-gnu file names to x86_64-pc-linux-gnu format
configure:5215: result: func_convert_file_noop
configure:5222: checking how to convert x86_64-pc-linux-gnu file names to toolchain format
configure:5242: result: func_convert_file_noop
configure:5249: checking for /usr/bin/ld option to reload object files
configure:5256: result: -r
configure:5330: checking for objdump
configure:5346: found /usr/bin/objdump
configure:5357: result: objdump
configure:5389: checking how to recognize dependent libraries
configure:5589: result: pass_all
configure:5674: checking for dlltool
configure:5704: result: no
configure:5734: checking how to associate runtime and link libraries
configure:5761: result: printf %s\n
configure:5885: checking for archiver @FILE support
configure:5902: gcc -c -g -O2  conftest.c >&5
configure:5902: $? = 0
configure:5905: ar cru libconftest.a @conftest.lst >&5
configure:5908: $? = 0
configure:5913: ar cru libconftest.a @conftest.lst >&5
ar: conftest.o: No such file or directory
configure:5916: $? = 1
configure:5928: result: @
configure:5986: checking for strip
configure:6002: found /usr/bin/strip
configure:6013: result: strip
configure:6085: checking for ranlib
configure:6101: found /usr/bin/ranlib
configure:6112: result: ranlib
configure:6214: checking command to parse /usr/bin/nm -B output from gcc object
configure:6367: gcc -c -g -O2  conftest.c >&5
configure:6370: $? = 0
configure:6374: /usr/bin/nm -B conftest.o \| sed -n -e 's/^.*[ ]\([ABCDGIRSTW][ABCDGIRSTW]*\)[ ][ ]*\([_A-Za-z][_A-Za-z0-9]*\)$/\1 \2 \2/p' | sed '/ __gnu_lto/d' \> conftest.nm
configure:6377: $? = 0
configure:6443: gcc -o conftest -g -O2   conftest.c conftstm.o >&5
configure:6446: $? = 0
configure:6484: result: ok
configure:6531: checking for sysroot
configure:6561: result: no
configure:6568: checking for a working dd
configure:6606: result: /usr/bin/dd
configure:6610: checking how to truncate binary pipes
configure:6625: result: /usr/bin/dd bs=4096 count=1
configure:6761: gcc -c -g -O2  conftest.c >&5
configure:6764: $? = 0
configure:6954: checking for mt
configure:6984: result: no
configure:7004: checking if : is a manifest tool
configure:7010: : '-?'
configure:7018: result: no
configure:7695: checking how to run the C preprocessor
configure:7726: gcc -E  conftest.c
configure:7726: $? = 0
configure:7740: gcc -E  conftest.c
conftest.c:11:10: fatal error: ac_nonexistent.h: No such file or directory
   11 | #include <ac_nonexistent.h>
      |          ^~~~~~~~~~~~~~~~~~
compilation terminated.
configure:7740: $? = 1
configure: failed program was:
| /* confdefs.h */
| #define PACKAGE_NAME "libblkmaker"
| #define PACKAGE_TARNAME "libblkmaker"
| #define PACKAGE_VERSION "0.6.0"
| #define PACKAGE_STRING "libblkmaker 0.6.0"
| #define PACKAGE_BUGREPORT "luke_libblkmaker@dashjr.org"
| #define PACKAGE_URL "http://gitorious.org/bitcoin/libblkmaker"
| #define PACKAGE "libblkmaker"
| #define VERSION "0.6.0"
| /* end confdefs.h.  */
| #include <ac_nonexistent.h>
configure:7765: result: gcc -E
configure:7785: gcc -E  conftest.c
configure:7785: $? = 0
configure:7799: gcc -E  conftest.c
conftest.c:11:10: fatal error: ac_nonexistent.h: No such file or directory
   11 | #include <ac_nonexistent.h>
      |          ^~~~~~~~~~~~~~~~~~
compilation terminated.
configure:7799: $? = 1
configure: failed program was:
| /* confdefs.h */
| #define PACKAGE_NAME "libblkmaker"
| #define PACKAGE_TARNAME "libblkmaker"
| #define PACKAGE_VERSION "0.6.0"
| #define PACKAGE_STRING "libblkmaker 0.6.0"
| #define PACKAGE_BUGREPORT "luke_libblkmaker@dashjr.org"
| #define PACKAGE_URL "http://gitorious.org/bitcoin/libblkmaker"
| #define PACKAGE "libblkmaker"
| #define VERSION "0.6.0"
| /* end confdefs.h.  */
| #include <ac_nonexistent.h>
configure:7828: checking for ANSI C header files
configure:7848: gcc -c -g -O2  conftest.c >&5
configure:7848: $? = 0
configure:7921: gcc -o conftest -g -O2   conftest.c  >&5
configure:7921: $? = 0
configure:7921: ./conftest
configure:7921: $? = 0
configure:7932: result: yes
configure:7945: checking for sys/types.h
configure:7945: gcc -c -g -O2  conftest.c >&5
configure:7945: $? = 0
configure:7945: result: yes
configure:7945: checking for sys/stat.h
configure:7945: gcc -c -g -O2  conftest.c >&5
configure:7945: $? = 0
configure:7945: result: yes
configure:7945: checking for stdlib.h
configure:7945: gcc -c -g -O2  conftest.c >&5
configure:7945: $? = 0
configure:7945: result: yes
configure:7945: checking for string.h
configure:7945: gcc -c -g -O2  conftest.c >&5
configure:7945: $? = 0
configure:7945: result: yes
configure:7945: checking for memory.h
configure:7945: gcc -c -g -O2  conftest.c >&5
configure:7945: $? = 0
configure:7945: result: yes
configure:7945: checking for strings.h
configure:7945: gcc -c -g -O2  conftest.c >&5
configure:7945: $? = 0
configure:7945: result: yes
configure:7945: checking for inttypes.h
configure:7945: gcc -c -g -O2  conftest.c >&5
configure:7945: $? = 0
configure:7945: result: yes
configure:7945: checking for stdint.h
configure:7945: gcc -c -g -O2  conftest.c >&5
configure:7945: $? = 0
configure:7945: result: yes
configure:7945: checking for unistd.h
configure:7945: gcc -c -g -O2  conftest.c >&5
configure:7945: $? = 0
configure:7945: result: yes
configure:7959: checking for dlfcn.h
configure:7959: gcc -c -g -O2  conftest.c >&5
configure:7959: $? = 0
configure:7959: result: yes
configure:8214: checking for objdir
configure:8229: result: .libs
configure:8489: checking if gcc supports -fno-rtti -fno-exceptions
configure:8507: gcc -c -g -O2  -fno-rtti -fno-exceptions conftest.c >&5
cc1: warning: command-line option '-fno-rtti' is valid for C++/D/ObjC++ but not for C
configure:8511: $? = 0
configure:8524: result: no
configure:8882: checking for gcc option to produce PIC
configure:8889: result: -fPIC -DPIC
configure:8897: checking if gcc PIC flag -fPIC -DPIC works
configure:8915: gcc -c -g -O2  -fPIC -DPIC -DPIC conftest.c >&5
configure:8919: $? = 0
configure:8932: result: yes
configure:8961: checking if gcc static flag -static works
configure:8989: result: no
configure:9004: checking if gcc supports -c -o file.o
configure:9025: gcc -c -g -O2  -o out/conftest2.o conftest.c >&5
configure:9029: $? = 0
configure:9051: result: yes
configure:9059: checking if gcc supports -c -o file.o
configure:9106: result: yes
configure:9139: checking whether the gcc linker (/usr/bin/ld -m elf_x86_64) supports shared libraries
configure:10398: result: yes
configure:10435: checking whether -lc should be explicitly linked in
configure:10443: gcc -c -g -O2  conftest.c >&5
configure:10446: $? = 0
configure:10461: gcc -shared  -fPIC -DPIC conftest.o  -v -Wl,-soname -Wl,conftest -o conftest 2\>\&1 \| /usr/bin/grep  -lc  \>/dev/null 2\>\&1
configure:10464: $? = 0
configure:10478: result: no
configure:10638: checking dynamic linker characteristics
configure:11219: gcc -o conftest -g -O2   -Wl,-rpath -Wl,/foo conftest.c  >&5
configure:11219: $? = 0
configure:11459: result: GNU/Linux ld.so
configure:11581: checking how to hardcode library paths into programs
configure:11606: result: immediate
configure:12154: checking whether stripping libraries is possible
configure:12159: result: yes
configure:12194: checking if libtool supports shared libraries
configure:12196: result: yes
configure:12199: checking whether to build shared libraries
configure:12224: result: yes
configure:12227: checking whether to build static libraries
configure:12231: result: no
configure:12332: checking for pkg-config
configure:12350: found /usr/bin/pkg-config
configure:12362: result: /usr/bin/pkg-config
configure:12387: checking pkg-config is at least version 0.9.0
configure:12390: result: yes
configure:12400: checking for JANSSON
configure:12407: $PKG_CONFIG --exists --print-errors "jansson"
configure:12410: $? = 0
configure:12424: $PKG_CONFIG --exists --print-errors "jansson"
configure:12427: $? = 0
configure:12535: result: yes
configure:12546: checking for libbase58
configure:12553: $PKG_CONFIG --exists --print-errors "libbase58"
configure:12556: $? = 0
configure:12631: result: yes
configure:12636: checking for strchr in -lws2_32
configure:12661: gcc -o conftest -g -O2   conftest.c -lws2_32   >&5
conftest.c:30:6: warning: conflicting types for built-in function 'strchr'; expected 'char *(const char *, int)' [-Wbuiltin-declaration-mismatch]
   30 | char strchr ();
      |      ^~~~~~
conftest.c:1:1: note: 'strchr' is declared in header '<string.h>'
    1 | /* confdefs.h */
/usr/bin/ld: cannot find -lws2_32
collect2: error: ld returned 1 exit status
configure:12661: $? = 1
configure: failed program was:
| /* confdefs.h */
| #define PACKAGE_NAME "libblkmaker"
| #define PACKAGE_TARNAME "libblkmaker"
| #define PACKAGE_VERSION "0.6.0"
| #define PACKAGE_STRING "libblkmaker 0.6.0"
| #define PACKAGE_BUGREPORT "luke_libblkmaker@dashjr.org"
| #define PACKAGE_URL "http://gitorious.org/bitcoin/libblkmaker"
| #define PACKAGE "libblkmaker"
| #define VERSION "0.6.0"
| #define STDC_HEADERS 1
| #define HAVE_SYS_TYPES_H 1
| #define HAVE_SYS_STAT_H 1
| #define HAVE_STDLIB_H 1
| #define HAVE_STRING_H 1
| #define HAVE_MEMORY_H 1
| #define HAVE_STRINGS_H 1
| #define HAVE_INTTYPES_H 1
| #define HAVE_STDINT_H 1
| #define HAVE_UNISTD_H 1
| #define HAVE_DLFCN_H 1
| #define LT_OBJDIR ".libs/"
| /* end confdefs.h.  */
| 
| /* Override any GCC internal prototype to avoid an error.
|    Use char because int might match the return type of a GCC
|    builtin and then its argument prototype would still apply.  */
| #ifdef __cplusplus
| extern "C"
| #endif
| char strchr ();
| int
| main ()
| {
| return strchr ();
|   ;
|   return 0;
| }
configure:12670: result: no
configure:12831: checking that generated files are newer than configure
configure:12837: result: done
configure:12864: creating ./config.status

## ---------------------- ##
## Running config.status. ##
## ---------------------- ##

This file was extended by libblkmaker config.status 0.6.0, which was
generated by GNU Autoconf 2.69.  Invocation command line was

  CONFIG_FILES    = 
  CONFIG_HEADERS  = 
  CONFIG_LINKS    = 
  CONFIG_COMMANDS = 
  $ ./config.status 

on fedora

config.status:1020: creating Makefile
config.status:1020: creating libblkmaker_jansson-0.1.pc
config.status:1192: executing depfiles commands
config.status:1269: cd .       && sed -e '/# am--include-marker/d' Makefile         | make -f - am--depfiles
make: Nothing to be done for 'am--depfiles'.
config.status:1274: $? = 0
config.status:1192: executing libtool commands

## ---------------- ##
## Cache variables. ##
## ---------------- ##

ac_cv_build=x86_64-pc-linux-gnu
ac_cv_c_compiler_gnu=yes
ac_cv_env_CC_set=
ac_cv_env_CC_value=
ac_cv_env_CFLAGS_set=
ac_cv_env_CFLAGS_value=
ac_cv_env_CPPFLAGS_set=
ac_cv_env_CPPFLAGS_value=
ac_cv_env_CPP_set=
ac_cv_env_CPP_value=
ac_cv_env_JANSSON_CFLAGS_set=
ac_cv_env_JANSSON_CFLAGS_value=
ac_cv_env_JANSSON_LIBS_set=
ac_cv_env_JANSSON_LIBS_value=
ac_cv_env_LDFLAGS_set=
ac_cv_env_LDFLAGS_value=
ac_cv_env_LIBS_set=
ac_cv_env_LIBS_value=
ac_cv_env_LT_SYS_LIBRARY_PATH_set=
ac_cv_env_LT_SYS_LIBRARY_PATH_value=
ac_cv_env_PKG_CONFIG_LIBDIR_set=
ac_cv_env_PKG_CONFIG_LIBDIR_value=
ac_cv_env_PKG_CONFIG_PATH_set=
ac_cv_env_PKG_CONFIG_PATH_value=
ac_cv_env_PKG_CONFIG_set=
ac_cv_env_PKG_CONFIG_value=
ac_cv_env_build_alias_set=
ac_cv_env_build_alias_value=
ac_cv_env_host_alias_set=
ac_cv_env_host_alias_value=
ac_cv_env_libbase58_CFLAGS_set=set
ac_cv_env_libbase58_CFLAGS_value=
ac_cv_env_libbase58_LIBS_set=set
ac_cv_env_libbase58_LIBS_value='-lbase58 '
ac_cv_env_target_alias_set=
ac_cv_env_target_alias_value=
ac_cv_header_dlfcn_h=yes
ac_cv_header_inttypes_h=yes
ac_cv_header_memory_h=yes
ac_cv_header_stdc=yes
ac_cv_header_stdint_h=yes
ac_cv_header_stdlib_h=yes
ac_cv_header_string_h=yes
ac_cv_header_strings_h=yes
ac_cv_header_sys_stat_h=yes
ac_cv_header_sys_types_h=yes
ac_cv_header_unistd_h=yes
ac_cv_host=x86_64-pc-linux-gnu
ac_cv_lib_ws2_32_strchr=no
ac_cv_objext=o
ac_cv_path_EGREP='/usr/bin/grep -E'
ac_cv_path_FGREP='/usr/bin/grep -F'
ac_cv_path_GREP=/usr/bin/grep
ac_cv_path_SED=/usr/bin/sed
ac_cv_path_ac_pt_PKG_CONFIG=/usr/bin/pkg-config
ac_cv_path_install='/usr/bin/install -c'
ac_cv_path_lt_DD=/usr/bin/dd
ac_cv_path_mkdir=/usr/bin/mkdir
ac_cv_prog_AWK=gawk
ac_cv_prog_CPP='gcc -E'
ac_cv_prog_ac_ct_AR=ar
ac_cv_prog_ac_ct_CC=gcc
ac_cv_prog_ac_ct_OBJDUMP=objdump
ac_cv_prog_ac_ct_RANLIB=ranlib
ac_cv_prog_ac_ct_STRIP=strip
ac_cv_prog_cc_c89=
ac_cv_prog_cc_c99=
ac_cv_prog_cc_g=yes
ac_cv_prog_make_make_set=yes
am_cv_CC_dependencies_compiler_type=gcc3
am_cv_ar_interface=ar
am_cv_make_support_nested_variables=yes
am_cv_prog_cc_c_o=yes
lt_cv_ar_at_file=@
lt_cv_archive_cmds_need_lc=no
lt_cv_deplibs_check_method=pass_all
lt_cv_file_magic_cmd='$MAGIC_CMD'
lt_cv_file_magic_test_file=
lt_cv_ld_reload_flag=-r
lt_cv_nm_interface='BSD nm'
lt_cv_objdir=.libs
lt_cv_path_LD=/usr/bin/ld
lt_cv_path_NM='/usr/bin/nm -B'
lt_cv_path_mainfest_tool=no
lt_cv_prog_compiler_c_o=yes
lt_cv_prog_compiler_pic='-fPIC -DPIC'
lt_cv_prog_compiler_pic_works=yes
lt_cv_prog_compiler_rtti_exceptions=no
lt_cv_prog_compiler_static_works=no
lt_cv_prog_gnu_ld=yes
lt_cv_sharedlib_from_linklib_cmd='printf %s\n'
lt_cv_shlibpath_overrides_runpath=no
lt_cv_sys_global_symbol_pipe='sed -n -e '\''s/^.*[	 ]\([ABCDGIRSTW][ABCDGIRSTW]*\)[	 ][	 ]*\([_A-Za-z][_A-Za-z0-9]*\)$/\1 \2 \2/p'\'' | sed '\''/ __gnu_lto/d'\'''
lt_cv_sys_global_symbol_to_c_name_address='sed -n -e '\''s/^: \(.*\) .*$/  {"\1", (void *) 0},/p'\'' -e '\''s/^[ABCDGIRSTW][ABCDGIRSTW]* .* \(.*\)$/  {"\1", (void *) \&\1},/p'\'''
lt_cv_sys_global_symbol_to_c_name_address_lib_prefix='sed -n -e '\''s/^: \(.*\) .*$/  {"\1", (void *) 0},/p'\'' -e '\''s/^[ABCDGIRSTW][ABCDGIRSTW]* .* \(lib.*\)$/  {"\1", (void *) \&\1},/p'\'' -e '\''s/^[ABCDGIRSTW][ABCDGIRSTW]* .* \(.*\)$/  {"lib\1", (void *) \&\1},/p'\'''
lt_cv_sys_global_symbol_to_cdecl='sed -n -e '\''s/^T .* \(.*\)$/extern int \1();/p'\'' -e '\''s/^[ABCDGIRSTW][ABCDGIRSTW]* .* \(.*\)$/extern char \1;/p'\'''
lt_cv_sys_global_symbol_to_import=
lt_cv_sys_max_cmd_len=1572864
lt_cv_to_host_file_cmd=func_convert_file_noop
lt_cv_to_tool_file_cmd=func_convert_file_noop
lt_cv_truncate_bin='/usr/bin/dd bs=4096 count=1'
pkg_cv_JANSSON_CFLAGS=
pkg_cv_JANSSON_LIBS='-ljansson '
pkg_cv_libbase58_CFLAGS=
pkg_cv_libbase58_LIBS='-lbase58 '

## ----------------- ##
## Output variables. ##
## ----------------- ##

ACLOCAL='${SHELL} /home/c4pt/opt/bfgminer-bfgminer-5.5.0/libblkmaker/missing aclocal-1.16'
AMDEPBACKSLASH='\'
AMDEP_FALSE='#'
AMDEP_TRUE=''
AMTAR='$${TAR-tar}'
AM_BACKSLASH='\'
AM_DEFAULT_V='$(AM_DEFAULT_VERBOSITY)'
AM_DEFAULT_VERBOSITY='0'
AM_V='$(V)'
AR='ar'
AUTOCONF='${SHELL} /home/c4pt/opt/bfgminer-bfgminer-5.5.0/libblkmaker/missing autoconf'
AUTOHEADER='${SHELL} /home/c4pt/opt/bfgminer-bfgminer-5.5.0/libblkmaker/missing autoheader'
AUTOMAKE='${SHELL} /home/c4pt/opt/bfgminer-bfgminer-5.5.0/libblkmaker/missing automake-1.16'
AWK='gawk'
CC='gcc'
CCDEPMODE='depmode=gcc3'
CFLAGS='-g -O2'
CPP='gcc -E'
CPPFLAGS=''
CYGPATH_W='echo'
DEFS='-DPACKAGE_NAME=\"libblkmaker\" -DPACKAGE_TARNAME=\"libblkmaker\" -DPACKAGE_VERSION=\"0.6.0\" -DPACKAGE_STRING=\"libblkmaker\ 0.6.0\" -DPACKAGE_BUGREPORT=\"luke_libblkmaker@dashjr.org\" -DPACKAGE_URL=\"http://gitorious.org/bitcoin/libblkmaker\" -DPACKAGE=\"libblkmaker\" -DVERSION=\"0.6.0\" -DSTDC_HEADERS=1 -DHAVE_SYS_TYPES_H=1 -DHAVE_SYS_STAT_H=1 -DHAVE_STDLIB_H=1 -DHAVE_STRING_H=1 -DHAVE_MEMORY_H=1 -DHAVE_STRINGS_H=1 -DHAVE_INTTYPES_H=1 -DHAVE_STDINT_H=1 -DHAVE_UNISTD_H=1 -DHAVE_DLFCN_H=1 -DLT_OBJDIR=\".libs/\"'
DEPDIR='.deps'
DLLTOOL='false'
DSYMUTIL=''
DUMPBIN=''
ECHO_C=''
ECHO_N='-n'
ECHO_T=''
EGREP='/usr/bin/grep -E'
EXEEXT=''
FGREP='/usr/bin/grep -F'
GREP='/usr/bin/grep'
HAVE_LIBGCRYPT_FALSE=''
HAVE_LIBGCRYPT_TRUE='#'
INSTALL_DATA='${INSTALL} -m 644'
INSTALL_PROGRAM='${INSTALL}'
INSTALL_SCRIPT='${INSTALL}'
INSTALL_STRIP_PROGRAM='$(install_sh) -c -s'
JANSSON_CFLAGS=''
JANSSON_LIBS='-ljansson '
LD='/usr/bin/ld -m elf_x86_64'
LDFLAGS=''
LIBBLKMAKER_API_VERSION='0.1'
LIBBLKMAKER_SO_VERSION='8:0:0'
LIBOBJS=''
LIBS=''
LIBTOOL='$(SHELL) $(top_builddir)/libtool'
LIPO=''
LN_S='ln -s'
LTLIBOBJS=''
LT_SYS_LIBRARY_PATH=''
MAKEINFO='${SHELL} /home/c4pt/opt/bfgminer-bfgminer-5.5.0/libblkmaker/missing makeinfo'
MANIFEST_TOOL=':'
MKDIR_P='/usr/bin/mkdir -p'
NM='/usr/bin/nm -B'
NMEDIT=''
OBJDUMP='objdump'
OBJEXT='o'
OTOOL64=''
OTOOL=''
PACKAGE='libblkmaker'
PACKAGE_BUGREPORT='luke_libblkmaker@dashjr.org'
PACKAGE_NAME='libblkmaker'
PACKAGE_STRING='libblkmaker 0.6.0'
PACKAGE_TARNAME='libblkmaker'
PACKAGE_URL='http://gitorious.org/bitcoin/libblkmaker'
PACKAGE_VERSION='0.6.0'
PATH_SEPARATOR=':'
PKG_CONFIG='/usr/bin/pkg-config'
PKG_CONFIG_LIBDIR=''
PKG_CONFIG_PATH=''
RANLIB='ranlib'
SED='/usr/bin/sed'
SET_MAKE=''
SHELL='/bin/sh'
STRIP='strip'
VERSION='0.6.0'
ac_ct_AR='ar'
ac_ct_CC='gcc'
ac_ct_DUMPBIN=''
am__EXEEXT_FALSE=''
am__EXEEXT_TRUE='#'
am__fastdepCC_FALSE='#'
am__fastdepCC_TRUE=''
am__include='include'
am__isrc=''
am__leading_dot='.'
am__nodep='_no'
am__quote=''
am__tar='$${TAR-tar} chof - "$$tardir"'
am__untar='$${TAR-tar} xf -'
bindir='${exec_prefix}/bin'
build='x86_64-pc-linux-gnu'
build_alias=''
build_cpu='x86_64'
build_os='linux-gnu'
build_vendor='pc'
datadir='${datarootdir}'
datarootdir='${prefix}/share'
docdir='${datarootdir}/doc/${PACKAGE_TARNAME}'
dvidir='${docdir}'
exec_prefix='${prefix}'
host='x86_64-pc-linux-gnu'
host_alias=''
host_cpu='x86_64'
host_os='linux-gnu'
host_vendor='pc'
htmldir='${docdir}'
includedir='${prefix}/include'
infodir='${datarootdir}/info'
install_sh='${SHELL} /home/c4pt/opt/bfgminer-bfgminer-5.5.0/libblkmaker/install-sh'
libbase58_CFLAGS=''
libbase58_LIBS='-lbase58 '
libdir='${exec_prefix}/lib'
libexecdir='${exec_prefix}/libexec'
localedir='${datarootdir}/locale'
localstatedir='${prefix}/var'
mandir='${datarootdir}/man'
mkdir_p='$(MKDIR_P)'
oldincludedir='/usr/include'
pdfdir='${docdir}'
prefix='/usr/local'
program_transform_name='s,x,x,'
psdir='${docdir}'
runstatedir='${localstatedir}/run'
sbindir='${exec_prefix}/sbin'
sharedstatedir='${prefix}/com'
sysconfdir='${prefix}/etc'
target_alias=''

## ----------- ##
## confdefs.h. ##
## ----------- ##

/* confdefs.h */
#define PACKAGE_NAME "libblkmaker"
#define PACKAGE_TARNAME "libblkmaker"
#define PACKAGE_VERSION "0.6.0"
#define PACKAGE_STRING "libblkmaker 0.6.0"
#define PACKAGE_BUGREPORT "luke_libblkmaker@dashjr.org"
#define PACKAGE_URL "http://gitorious.org/bitcoin/libblkmaker"
#define PACKAGE "libblkmaker"
#define VERSION "0.6.0"
#define STDC_HEADERS 1
#define HAVE_SYS_TYPES_H 1
#define HAVE_SYS_STAT_H 1
#define HAVE_STDLIB_H 1
#define HAVE_STRING_H 1
#define HAVE_MEMORY_H 1
#define HAVE_STRINGS_H 1
#define HAVE_INTTYPES_H 1
#define HAVE_STDINT_H 1
#define HAVE_UNISTD_H 1
#define HAVE_DLFCN_H 1
#define LT_OBJDIR ".libs/"

configure: exit 0
